2018-12-28 13:59:58 Superlog: Array
(
    [log] => Array
        (
        )

    [count] => 0
    [time] => 
)

2018-12-28 14:00:18 Superlog: Array
(
    [log] => Array
        (
        )

    [count] => 0
    [time] => 
)

2018-12-28 14:00:36 Superlog: Array
(
    [log] => Array
        (
        )

    [count] => 0
    [time] => 
)

2018-12-28 14:01:43 Superlog: Array
(
    [log] => Array
        (
        )

    [count] => 0
    [time] => 
)

2018-12-28 14:02:35 Superlog: Array
(
    [log] => Array
        (
        )

    [count] => 0
    [time] => 
)

2018-12-28 14:02:36 Superlog: Array
(
    [log] => Array
        (
        )

    [count] => 0
    [time] => 
)

2018-12-28 14:02:51 Superlog: Array
(
    [log] => Array
        (
        )

    [count] => 0
    [time] => 
)

